
AVRASM ver. 2.1.30  C:\Users\danii\prg\MPS_labs\cycle3_5\Debug\List\project.asm Fri Oct 15 13:33:23 2021

C:\Users\danii\prg\MPS_labs\cycle3_5\Debug\List\project.asm(1090): warning: Register r4 already defined by the .DEF directive
C:\Users\danii\prg\MPS_labs\cycle3_5\Debug\List\project.asm(1091): warning: Register r3 already defined by the .DEF directive
C:\Users\danii\prg\MPS_labs\cycle3_5\Debug\List\project.asm(1092): warning: Register r6 already defined by the .DEF directive
C:\Users\danii\prg\MPS_labs\cycle3_5\Debug\List\project.asm(1093): warning: Register r5 already defined by the .DEF directive
C:\Users\danii\prg\MPS_labs\cycle3_5\Debug\List\project.asm(1094): warning: Register r8 already defined by the .DEF directive
C:\Users\danii\prg\MPS_labs\cycle3_5\Debug\List\project.asm(1095): warning: Register r7 already defined by the .DEF directive
                 
                 
                 ;CodeVisionAVR C Compiler V3.12 Advanced
                 ;(C) Copyright 1998-2014 Pavel Haiduc, HP InfoTech s.r.l.
                 ;http://www.hpinfotech.com
                 
                 ;Build configuration    : Debug
                 ;Chip type              : ATmega328P
                 ;Program type           : Application
                 ;Clock frequency        : 8.000000 MHz
                 ;Memory model           : Small
                 ;Optimize for           : Size
                 ;(s)printf features     : int, width
                 ;(s)scanf features      : int, width
                 ;External RAM size      : 0
                 ;Data Stack size        : 512 byte(s)
                 ;Heap size              : 0 byte(s)
                 ;Promote 'char' to 'int': Yes
                 ;'char' is unsigned     : Yes
                 ;8 bit enums            : Yes
                 ;Global 'const' stored in FLASH: Yes
                 ;Enhanced function parameter passing: Yes
                 ;Enhanced core instructions: On
                 ;Automatic register allocation for global variables: On
                 ;Smart register allocation: On
                 
                 	#define _MODEL_SMALL_
                 
                 	#pragma AVRPART ADMIN PART_NAME ATmega328P
                 	#pragma AVRPART MEMORY PROG_FLASH 32768
                 	#pragma AVRPART MEMORY EEPROM 1024
                 	#pragma AVRPART MEMORY INT_SRAM SIZE 2048
                 	#pragma AVRPART MEMORY INT_SRAM START_ADDR 0x100
                 
                 	#define CALL_SUPPORTED 1
                 
                 	.LISTMAC
                 	.EQU EERE=0x0
                 	.EQU EEWE=0x1
                 	.EQU EEMWE=0x2
                 	.EQU UDRE=0x5
                 	.EQU RXC=0x7
                 	.EQU EECR=0x1F
                 	.EQU EEDR=0x20
                 	.EQU EEARL=0x21
                 	.EQU EEARH=0x22
                 	.EQU SPSR=0x2D
                 	.EQU SPDR=0x2E
                 	.EQU SMCR=0x33
                 	.EQU MCUSR=0x34
                 	.EQU MCUCR=0x35
                 	.EQU WDTCSR=0x60
                 	.EQU UCSR0A=0xC0
                 	.EQU UDR0=0xC6
                 	.EQU SPL=0x3D
                 	.EQU SPH=0x3E
                 	.EQU SREG=0x3F
                 	.EQU GPIOR0=0x1E
                 
                 	.DEF R0X0=R0
                 	.DEF R0X1=R1
                 	.DEF R0X2=R2
                 	.DEF R0X3=R3
                 	.DEF R0X4=R4
                 	.DEF R0X5=R5
                 	.DEF R0X6=R6
                 	.DEF R0X7=R7
                 	.DEF R0X8=R8
                 	.DEF R0X9=R9
                 	.DEF R0XA=R10
                 	.DEF R0XB=R11
                 	.DEF R0XC=R12
                 	.DEF R0XD=R13
                 	.DEF R0XE=R14
                 	.DEF R0XF=R15
                 	.DEF R0X10=R16
                 	.DEF R0X11=R17
                 	.DEF R0X12=R18
                 	.DEF R0X13=R19
                 	.DEF R0X14=R20
                 	.DEF R0X15=R21
                 	.DEF R0X16=R22
                 	.DEF R0X17=R23
                 	.DEF R0X18=R24
                 	.DEF R0X19=R25
                 	.DEF R0X1A=R26
                 	.DEF R0X1B=R27
                 	.DEF R0X1C=R28
                 	.DEF R0X1D=R29
                 	.DEF R0X1E=R30
                 	.DEF R0X1F=R31
                 
                 	.EQU __SRAM_START=0x0100
                 	.EQU __SRAM_END=0x08FF
                 	.EQU __DSTACK_SIZE=0x0200
                 	.EQU __HEAP_SIZE=0x0000
                 	.EQU __CLEAR_SRAM_SIZE=__SRAM_END-__SRAM_START+1
                 
                 	.MACRO __CPD1N
                 	CPI  R30,LOW(@0)
                 	LDI  R26,HIGH(@0)
                 	CPC  R31,R26
                 	LDI  R26,BYTE3(@0)
                 	CPC  R22,R26
                 	LDI  R26,BYTE4(@0)
                 	CPC  R23,R26
                 	.ENDM
                 
                 	.MACRO __CPD2N
                 	CPI  R26,LOW(@0)
                 	LDI  R30,HIGH(@0)
                 	CPC  R27,R30
                 	LDI  R30,BYTE3(@0)
                 	CPC  R24,R30
                 	LDI  R30,BYTE4(@0)
                 	CPC  R25,R30
                 	.ENDM
                 
                 	.MACRO __CPWRR
                 	CP   R@0,R@2
                 	CPC  R@1,R@3
                 	.ENDM
                 
                 	.MACRO __CPWRN
                 	CPI  R@0,LOW(@2)
                 	LDI  R30,HIGH(@2)
                 	CPC  R@1,R30
                 	.ENDM
                 
                 	.MACRO __ADDB1MN
                 	SUBI R30,LOW(-@0-(@1))
                 	.ENDM
                 
                 	.MACRO __ADDB2MN
                 	SUBI R26,LOW(-@0-(@1))
                 	.ENDM
                 
                 	.MACRO __ADDW1MN
                 	SUBI R30,LOW(-@0-(@1))
                 	SBCI R31,HIGH(-@0-(@1))
                 	.ENDM
                 
                 	.MACRO __ADDW2MN
                 	SUBI R26,LOW(-@0-(@1))
                 	SBCI R27,HIGH(-@0-(@1))
                 	.ENDM
                 
                 	.MACRO __ADDW1FN
                 	SUBI R30,LOW(-2*@0-(@1))
                 	SBCI R31,HIGH(-2*@0-(@1))
                 	.ENDM
                 
                 	.MACRO __ADDD1FN
                 	SUBI R30,LOW(-2*@0-(@1))
                 	SBCI R31,HIGH(-2*@0-(@1))
                 	SBCI R22,BYTE3(-2*@0-(@1))
                 	.ENDM
                 
                 	.MACRO __ADDD1N
                 	SUBI R30,LOW(-@0)
                 	SBCI R31,HIGH(-@0)
                 	SBCI R22,BYTE3(-@0)
                 	SBCI R23,BYTE4(-@0)
                 	.ENDM
                 
                 	.MACRO __ADDD2N
                 	SUBI R26,LOW(-@0)
                 	SBCI R27,HIGH(-@0)
                 	SBCI R24,BYTE3(-@0)
                 	SBCI R25,BYTE4(-@0)
                 	.ENDM
                 
                 	.MACRO __SUBD1N
                 	SUBI R30,LOW(@0)
                 	SBCI R31,HIGH(@0)
                 	SBCI R22,BYTE3(@0)
                 	SBCI R23,BYTE4(@0)
                 	.ENDM
                 
                 	.MACRO __SUBD2N
                 	SUBI R26,LOW(@0)
                 	SBCI R27,HIGH(@0)
                 	SBCI R24,BYTE3(@0)
                 	SBCI R25,BYTE4(@0)
                 	.ENDM
                 
                 	.MACRO __ANDBMNN
                 	LDS  R30,@0+(@1)
                 	ANDI R30,LOW(@2)
                 	STS  @0+(@1),R30
                 	.ENDM
                 
                 	.MACRO __ANDWMNN
                 	LDS  R30,@0+(@1)
                 	ANDI R30,LOW(@2)
                 	STS  @0+(@1),R30
                 	LDS  R30,@0+(@1)+1
                 	ANDI R30,HIGH(@2)
                 	STS  @0+(@1)+1,R30
                 	.ENDM
                 
                 	.MACRO __ANDD1N
                 	ANDI R30,LOW(@0)
                 	ANDI R31,HIGH(@0)
                 	ANDI R22,BYTE3(@0)
                 	ANDI R23,BYTE4(@0)
                 	.ENDM
                 
                 	.MACRO __ANDD2N
                 	ANDI R26,LOW(@0)
                 	ANDI R27,HIGH(@0)
                 	ANDI R24,BYTE3(@0)
                 	ANDI R25,BYTE4(@0)
                 	.ENDM
                 
                 	.MACRO __ORBMNN
                 	LDS  R30,@0+(@1)
                 	ORI  R30,LOW(@2)
                 	STS  @0+(@1),R30
                 	.ENDM
                 
                 	.MACRO __ORWMNN
                 	LDS  R30,@0+(@1)
                 	ORI  R30,LOW(@2)
                 	STS  @0+(@1),R30
                 	LDS  R30,@0+(@1)+1
                 	ORI  R30,HIGH(@2)
                 	STS  @0+(@1)+1,R30
                 	.ENDM
                 
                 	.MACRO __ORD1N
                 	ORI  R30,LOW(@0)
                 	ORI  R31,HIGH(@0)
                 	ORI  R22,BYTE3(@0)
                 	ORI  R23,BYTE4(@0)
                 	.ENDM
                 
                 	.MACRO __ORD2N
                 	ORI  R26,LOW(@0)
                 	ORI  R27,HIGH(@0)
                 	ORI  R24,BYTE3(@0)
                 	ORI  R25,BYTE4(@0)
                 	.ENDM
                 
                 	.MACRO __DELAY_USB
                 	LDI  R24,LOW(@0)
                 __DELAY_USB_LOOP:
                 	DEC  R24
                 	BRNE __DELAY_USB_LOOP
                 	.ENDM
                 
                 	.MACRO __DELAY_USW
                 	LDI  R24,LOW(@0)
                 	LDI  R25,HIGH(@0)
                 __DELAY_USW_LOOP:
                 	SBIW R24,1
                 	BRNE __DELAY_USW_LOOP
                 	.ENDM
                 
                 	.MACRO __GETD1S
                 	LDD  R30,Y+@0
                 	LDD  R31,Y+@0+1
                 	LDD  R22,Y+@0+2
                 	LDD  R23,Y+@0+3
                 	.ENDM
                 
                 	.MACRO __GETD2S
                 	LDD  R26,Y+@0
                 	LDD  R27,Y+@0+1
                 	LDD  R24,Y+@0+2
                 	LDD  R25,Y+@0+3
                 	.ENDM
                 
                 	.MACRO __PUTD1S
                 	STD  Y+@0,R30
                 	STD  Y+@0+1,R31
                 	STD  Y+@0+2,R22
                 	STD  Y+@0+3,R23
                 	.ENDM
                 
                 	.MACRO __PUTD2S
                 	STD  Y+@0,R26
                 	STD  Y+@0+1,R27
                 	STD  Y+@0+2,R24
                 	STD  Y+@0+3,R25
                 	.ENDM
                 
                 	.MACRO __PUTDZ2
                 	STD  Z+@0,R26
                 	STD  Z+@0+1,R27
                 	STD  Z+@0+2,R24
                 	STD  Z+@0+3,R25
                 	.ENDM
                 
                 	.MACRO __CLRD1S
                 	STD  Y+@0,R30
                 	STD  Y+@0+1,R30
                 	STD  Y+@0+2,R30
                 	STD  Y+@0+3,R30
                 	.ENDM
                 
                 	.MACRO __POINTB1MN
                 	LDI  R30,LOW(@0+(@1))
                 	.ENDM
                 
                 	.MACRO __POINTW1MN
                 	LDI  R30,LOW(@0+(@1))
                 	LDI  R31,HIGH(@0+(@1))
                 	.ENDM
                 
                 	.MACRO __POINTD1M
                 	LDI  R30,LOW(@0)
                 	LDI  R31,HIGH(@0)
                 	LDI  R22,BYTE3(@0)
                 	LDI  R23,BYTE4(@0)
                 	.ENDM
                 
                 	.MACRO __POINTW1FN
                 	LDI  R30,LOW(2*@0+(@1))
                 	LDI  R31,HIGH(2*@0+(@1))
                 	.ENDM
                 
                 	.MACRO __POINTD1FN
                 	LDI  R30,LOW(2*@0+(@1))
                 	LDI  R31,HIGH(2*@0+(@1))
                 	LDI  R22,BYTE3(2*@0+(@1))
                 	LDI  R23,BYTE4(2*@0+(@1))
                 	.ENDM
                 
                 	.MACRO __POINTB2MN
                 	LDI  R26,LOW(@0+(@1))
                 	.ENDM
                 
                 	.MACRO __POINTW2MN
                 	LDI  R26,LOW(@0+(@1))
                 	LDI  R27,HIGH(@0+(@1))
                 	.ENDM
                 
                 	.MACRO __POINTW2FN
                 	LDI  R26,LOW(2*@0+(@1))
                 	LDI  R27,HIGH(2*@0+(@1))
                 	.ENDM
                 
                 	.MACRO __POINTD2FN
                 	LDI  R26,LOW(2*@0+(@1))
                 	LDI  R27,HIGH(2*@0+(@1))
                 	LDI  R24,BYTE3(2*@0+(@1))
                 	LDI  R25,BYTE4(2*@0+(@1))
                 	.ENDM
                 
                 	.MACRO __POINTBRM
                 	LDI  R@0,LOW(@1)
                 	.ENDM
                 
                 	.MACRO __POINTWRM
                 	LDI  R@0,LOW(@2)
                 	LDI  R@1,HIGH(@2)
                 	.ENDM
                 
                 	.MACRO __POINTBRMN
                 	LDI  R@0,LOW(@1+(@2))
                 	.ENDM
                 
                 	.MACRO __POINTWRMN
                 	LDI  R@0,LOW(@2+(@3))
                 	LDI  R@1,HIGH(@2+(@3))
                 	.ENDM
                 
                 	.MACRO __POINTWRFN
                 	LDI  R@0,LOW(@2*2+(@3))
                 	LDI  R@1,HIGH(@2*2+(@3))
                 	.ENDM
                 
                 	.MACRO __GETD1N
                 	LDI  R30,LOW(@0)
                 	LDI  R31,HIGH(@0)
                 	LDI  R22,BYTE3(@0)
                 	LDI  R23,BYTE4(@0)
                 	.ENDM
                 
                 	.MACRO __GETD2N
                 	LDI  R26,LOW(@0)
                 	LDI  R27,HIGH(@0)
                 	LDI  R24,BYTE3(@0)
                 	LDI  R25,BYTE4(@0)
                 	.ENDM
                 
                 	.MACRO __GETB1MN
                 	LDS  R30,@0+(@1)
                 	.ENDM
                 
                 	.MACRO __GETB1HMN
                 	LDS  R31,@0+(@1)
                 	.ENDM
                 
                 	.MACRO __GETW1MN
                 	LDS  R30,@0+(@1)
                 	LDS  R31,@0+(@1)+1
                 	.ENDM
                 
                 	.MACRO __GETD1MN
                 	LDS  R30,@0+(@1)
                 	LDS  R31,@0+(@1)+1
                 	LDS  R22,@0+(@1)+2
                 	LDS  R23,@0+(@1)+3
                 	.ENDM
                 
                 	.MACRO __GETBRMN
                 	LDS  R@0,@1+(@2)
                 	.ENDM
                 
                 	.MACRO __GETWRMN
                 	LDS  R@0,@2+(@3)
                 	LDS  R@1,@2+(@3)+1
                 	.ENDM
                 
                 	.MACRO __GETWRZ
                 	LDD  R@0,Z+@2
                 	LDD  R@1,Z+@2+1
                 	.ENDM
                 
                 	.MACRO __GETD2Z
                 	LDD  R26,Z+@0
                 	LDD  R27,Z+@0+1
                 	LDD  R24,Z+@0+2
                 	LDD  R25,Z+@0+3
                 	.ENDM
                 
                 	.MACRO __GETB2MN
                 	LDS  R26,@0+(@1)
                 	.ENDM
                 
                 	.MACRO __GETW2MN
                 	LDS  R26,@0+(@1)
                 	LDS  R27,@0+(@1)+1
                 	.ENDM
                 
                 	.MACRO __GETD2MN
                 	LDS  R26,@0+(@1)
                 	LDS  R27,@0+(@1)+1
                 	LDS  R24,@0+(@1)+2
                 	LDS  R25,@0+(@1)+3
                 	.ENDM
                 
                 	.MACRO __PUTB1MN
                 	STS  @0+(@1),R30
                 	.ENDM
                 
                 	.MACRO __PUTW1MN
                 	STS  @0+(@1),R30
                 	STS  @0+(@1)+1,R31
                 	.ENDM
                 
                 	.MACRO __PUTD1MN
                 	STS  @0+(@1),R30
                 	STS  @0+(@1)+1,R31
                 	STS  @0+(@1)+2,R22
                 	STS  @0+(@1)+3,R23
                 	.ENDM
                 
                 	.MACRO __PUTB1EN
                 	LDI  R26,LOW(@0+(@1))
                 	LDI  R27,HIGH(@0+(@1))
                 	CALL __EEPROMWRB
                 	.ENDM
                 
                 	.MACRO __PUTW1EN
                 	LDI  R26,LOW(@0+(@1))
                 	LDI  R27,HIGH(@0+(@1))
                 	CALL __EEPROMWRW
                 	.ENDM
                 
                 	.MACRO __PUTD1EN
                 	LDI  R26,LOW(@0+(@1))
                 	LDI  R27,HIGH(@0+(@1))
                 	CALL __EEPROMWRD
                 	.ENDM
                 
                 	.MACRO __PUTBR0MN
                 	STS  @0+(@1),R0
                 	.ENDM
                 
                 	.MACRO __PUTBMRN
                 	STS  @0+(@1),R@2
                 	.ENDM
                 
                 	.MACRO __PUTWMRN
                 	STS  @0+(@1),R@2
                 	STS  @0+(@1)+1,R@3
                 	.ENDM
                 
                 	.MACRO __PUTBZR
                 	STD  Z+@1,R@0
                 	.ENDM
                 
                 	.MACRO __PUTWZR
                 	STD  Z+@2,R@0
                 	STD  Z+@2+1,R@1
                 	.ENDM
                 
                 	.MACRO __GETW1R
                 	MOV  R30,R@0
                 	MOV  R31,R@1
                 	.ENDM
                 
                 	.MACRO __GETW2R
                 	MOV  R26,R@0
                 	MOV  R27,R@1
                 	.ENDM
                 
                 	.MACRO __GETWRN
                 	LDI  R@0,LOW(@2)
                 	LDI  R@1,HIGH(@2)
                 	.ENDM
                 
                 	.MACRO __PUTW1R
                 	MOV  R@0,R30
                 	MOV  R@1,R31
                 	.ENDM
                 
                 	.MACRO __PUTW2R
                 	MOV  R@0,R26
                 	MOV  R@1,R27
                 	.ENDM
                 
                 	.MACRO __ADDWRN
                 	SUBI R@0,LOW(-@2)
                 	SBCI R@1,HIGH(-@2)
                 	.ENDM
                 
                 	.MACRO __ADDWRR
                 	ADD  R@0,R@2
                 	ADC  R@1,R@3
                 	.ENDM
                 
                 	.MACRO __SUBWRN
                 	SUBI R@0,LOW(@2)
                 	SBCI R@1,HIGH(@2)
                 	.ENDM
                 
                 	.MACRO __SUBWRR
                 	SUB  R@0,R@2
                 	SBC  R@1,R@3
                 	.ENDM
                 
                 	.MACRO __ANDWRN
                 	ANDI R@0,LOW(@2)
                 	ANDI R@1,HIGH(@2)
                 	.ENDM
                 
                 	.MACRO __ANDWRR
                 	AND  R@0,R@2
                 	AND  R@1,R@3
                 	.ENDM
                 
                 	.MACRO __ORWRN
                 	ORI  R@0,LOW(@2)
                 	ORI  R@1,HIGH(@2)
                 	.ENDM
                 
                 	.MACRO __ORWRR
                 	OR   R@0,R@2
                 	OR   R@1,R@3
                 	.ENDM
                 
                 	.MACRO __EORWRR
                 	EOR  R@0,R@2
                 	EOR  R@1,R@3
                 	.ENDM
                 
                 	.MACRO __GETWRS
                 	LDD  R@0,Y+@2
                 	LDD  R@1,Y+@2+1
                 	.ENDM
                 
                 	.MACRO __PUTBSR
                 	STD  Y+@1,R@0
                 	.ENDM
                 
                 	.MACRO __PUTWSR
                 	STD  Y+@2,R@0
                 	STD  Y+@2+1,R@1
                 	.ENDM
                 
                 	.MACRO __MOVEWRR
                 	MOV  R@0,R@2
                 	MOV  R@1,R@3
                 	.ENDM
                 
                 	.MACRO __INWR
                 	IN   R@0,@2
                 	IN   R@1,@2+1
                 	.ENDM
                 
                 	.MACRO __OUTWR
                 	OUT  @2+1,R@1
                 	OUT  @2,R@0
                 	.ENDM
                 
                 	.MACRO __CALL1MN
                 	LDS  R30,@0+(@1)
                 	LDS  R31,@0+(@1)+1
                 	ICALL
                 	.ENDM
                 
                 	.MACRO __CALL1FN
                 	LDI  R30,LOW(2*@0+(@1))
                 	LDI  R31,HIGH(2*@0+(@1))
                 	CALL __GETW1PF
                 	ICALL
                 	.ENDM
                 
                 	.MACRO __CALL2EN
                 	PUSH R26
                 	PUSH R27
                 	LDI  R26,LOW(@0+(@1))
                 	LDI  R27,HIGH(@0+(@1))
                 	CALL __EEPROMRDW
                 	POP  R27
                 	POP  R26
                 	ICALL
                 	.ENDM
                 
                 	.MACRO __CALL2EX
                 	SUBI R26,LOW(-@0)
                 	SBCI R27,HIGH(-@0)
                 	CALL __EEPROMRDD
                 	ICALL
                 	.ENDM
                 
                 	.MACRO __GETW1STACK
                 	IN   R30,SPL
                 	IN   R31,SPH
                 	ADIW R30,@0+1
                 	LD   R0,Z+
                 	LD   R31,Z
                 	MOV  R30,R0
                 	.ENDM
                 
                 	.MACRO __GETD1STACK
                 	IN   R30,SPL
                 	IN   R31,SPH
                 	ADIW R30,@0+1
                 	LD   R0,Z+
                 	LD   R1,Z+
                 	LD   R22,Z
                 	MOVW R30,R0
                 	.ENDM
                 
                 	.MACRO __NBST
                 	BST  R@0,@1
                 	IN   R30,SREG
                 	LDI  R31,0x40
                 	EOR  R30,R31
                 	OUT  SREG,R30
                 	.ENDM
                 
                 
                 	.MACRO __PUTB1SN
                 	LDD  R26,Y+@0
                 	LDD  R27,Y+@0+1
                 	SUBI R26,LOW(-@1)
                 	SBCI R27,HIGH(-@1)
                 	ST   X,R30
                 	.ENDM
                 
                 	.MACRO __PUTW1SN
                 	LDD  R26,Y+@0
                 	LDD  R27,Y+@0+1
                 	SUBI R26,LOW(-@1)
                 	SBCI R27,HIGH(-@1)
                 	ST   X+,R30
                 	ST   X,R31
                 	.ENDM
                 
                 	.MACRO __PUTD1SN
                 	LDD  R26,Y+@0
                 	LDD  R27,Y+@0+1
                 	SUBI R26,LOW(-@1)
                 	SBCI R27,HIGH(-@1)
                 	CALL __PUTDP1
                 	.ENDM
                 
                 	.MACRO __PUTB1SNS
                 	LDD  R26,Y+@0
                 	LDD  R27,Y+@0+1
                 	ADIW R26,@1
                 	ST   X,R30
                 	.ENDM
                 
                 	.MACRO __PUTW1SNS
                 	LDD  R26,Y+@0
                 	LDD  R27,Y+@0+1
                 	ADIW R26,@1
                 	ST   X+,R30
                 	ST   X,R31
                 	.ENDM
                 
                 	.MACRO __PUTD1SNS
                 	LDD  R26,Y+@0
                 	LDD  R27,Y+@0+1
                 	ADIW R26,@1
                 	CALL __PUTDP1
                 	.ENDM
                 
                 	.MACRO __PUTB1PMN
                 	LDS  R26,@0
                 	LDS  R27,@0+1
                 	SUBI R26,LOW(-@1)
                 	SBCI R27,HIGH(-@1)
                 	ST   X,R30
                 	.ENDM
                 
                 	.MACRO __PUTW1PMN
                 	LDS  R26,@0
                 	LDS  R27,@0+1
                 	SUBI R26,LOW(-@1)
                 	SBCI R27,HIGH(-@1)
                 	ST   X+,R30
                 	ST   X,R31
                 	.ENDM
                 
                 	.MACRO __PUTD1PMN
                 	LDS  R26,@0
                 	LDS  R27,@0+1
                 	SUBI R26,LOW(-@1)
                 	SBCI R27,HIGH(-@1)
                 	CALL __PUTDP1
                 	.ENDM
                 
                 	.MACRO __PUTB1PMNS
                 	LDS  R26,@0
                 	LDS  R27,@0+1
                 	ADIW R26,@1
                 	ST   X,R30
                 	.ENDM
                 
                 	.MACRO __PUTW1PMNS
                 	LDS  R26,@0
                 	LDS  R27,@0+1
                 	ADIW R26,@1
                 	ST   X+,R30
                 	ST   X,R31
                 	.ENDM
                 
                 	.MACRO __PUTD1PMNS
                 	LDS  R26,@0
                 	LDS  R27,@0+1
                 	ADIW R26,@1
                 	CALL __PUTDP1
                 	.ENDM
                 
                 	.MACRO __PUTB1RN
                 	MOVW R26,R@0
                 	SUBI R26,LOW(-@1)
                 	SBCI R27,HIGH(-@1)
                 	ST   X,R30
                 	.ENDM
                 
                 	.MACRO __PUTW1RN
                 	MOVW R26,R@0
                 	SUBI R26,LOW(-@1)
                 	SBCI R27,HIGH(-@1)
                 	ST   X+,R30
                 	ST   X,R31
                 	.ENDM
                 
                 	.MACRO __PUTD1RN
                 	MOVW R26,R@0
                 	SUBI R26,LOW(-@1)
                 	SBCI R27,HIGH(-@1)
                 	CALL __PUTDP1
                 	.ENDM
                 
                 	.MACRO __PUTB1RNS
                 	MOVW R26,R@0
                 	ADIW R26,@1
                 	ST   X,R30
                 	.ENDM
                 
                 	.MACRO __PUTW1RNS
                 	MOVW R26,R@0
                 	ADIW R26,@1
                 	ST   X+,R30
                 	ST   X,R31
                 	.ENDM
                 
                 	.MACRO __PUTD1RNS
                 	MOVW R26,R@0
                 	ADIW R26,@1
                 	CALL __PUTDP1
                 	.ENDM
                 
                 	.MACRO __PUTB1RON
                 	MOV  R26,R@0
                 	MOV  R27,R@1
                 	SUBI R26,LOW(-@2)
                 	SBCI R27,HIGH(-@2)
                 	ST   X,R30
                 	.ENDM
                 
                 	.MACRO __PUTW1RON
                 	MOV  R26,R@0
                 	MOV  R27,R@1
                 	SUBI R26,LOW(-@2)
                 	SBCI R27,HIGH(-@2)
                 	ST   X+,R30
                 	ST   X,R31
                 	.ENDM
                 
                 	.MACRO __PUTD1RON
                 	MOV  R26,R@0
                 	MOV  R27,R@1
                 	SUBI R26,LOW(-@2)
                 	SBCI R27,HIGH(-@2)
                 	CALL __PUTDP1
                 	.ENDM
                 
                 	.MACRO __PUTB1RONS
                 	MOV  R26,R@0
                 	MOV  R27,R@1
                 	ADIW R26,@2
                 	ST   X,R30
                 	.ENDM
                 
                 	.MACRO __PUTW1RONS
                 	MOV  R26,R@0
                 	MOV  R27,R@1
                 	ADIW R26,@2
                 	ST   X+,R30
                 	ST   X,R31
                 	.ENDM
                 
                 	.MACRO __PUTD1RONS
                 	MOV  R26,R@0
                 	MOV  R27,R@1
                 	ADIW R26,@2
                 	CALL __PUTDP1
                 	.ENDM
                 
                 
                 	.MACRO __GETB1SX
                 	MOVW R30,R28
                 	SUBI R30,LOW(-@0)
                 	SBCI R31,HIGH(-@0)
                 	LD   R30,Z
                 	.ENDM
                 
                 	.MACRO __GETB1HSX
                 	MOVW R30,R28
                 	SUBI R30,LOW(-@0)
                 	SBCI R31,HIGH(-@0)
                 	LD   R31,Z
                 	.ENDM
                 
                 	.MACRO __GETW1SX
                 	MOVW R30,R28
                 	SUBI R30,LOW(-@0)
                 	SBCI R31,HIGH(-@0)
                 	LD   R0,Z+
                 	LD   R31,Z
                 	MOV  R30,R0
                 	.ENDM
                 
                 	.MACRO __GETD1SX
                 	MOVW R30,R28
                 	SUBI R30,LOW(-@0)
                 	SBCI R31,HIGH(-@0)
                 	LD   R0,Z+
                 	LD   R1,Z+
                 	LD   R22,Z+
                 	LD   R23,Z
                 	MOVW R30,R0
                 	.ENDM
                 
                 	.MACRO __GETB2SX
                 	MOVW R26,R28
                 	SUBI R26,LOW(-@0)
                 	SBCI R27,HIGH(-@0)
                 	LD   R26,X
                 	.ENDM
                 
                 	.MACRO __GETW2SX
                 	MOVW R26,R28
                 	SUBI R26,LOW(-@0)
                 	SBCI R27,HIGH(-@0)
                 	LD   R0,X+
                 	LD   R27,X
                 	MOV  R26,R0
                 	.ENDM
                 
                 	.MACRO __GETD2SX
                 	MOVW R26,R28
                 	SUBI R26,LOW(-@0)
                 	SBCI R27,HIGH(-@0)
                 	LD   R0,X+
                 	LD   R1,X+
                 	LD   R24,X+
                 	LD   R25,X
                 	MOVW R26,R0
                 	.ENDM
                 
                 	.MACRO __GETBRSX
                 	MOVW R30,R28
                 	SUBI R30,LOW(-@1)
                 	SBCI R31,HIGH(-@1)
                 	LD   R@0,Z
                 	.ENDM
                 
                 	.MACRO __GETWRSX
                 	MOVW R30,R28
                 	SUBI R30,LOW(-@2)
                 	SBCI R31,HIGH(-@2)
                 	LD   R@0,Z+
                 	LD   R@1,Z
                 	.ENDM
                 
                 	.MACRO __GETBRSX2
                 	MOVW R26,R28
                 	SUBI R26,LOW(-@1)
                 	SBCI R27,HIGH(-@1)
                 	LD   R@0,X
                 	.ENDM
                 
                 	.MACRO __GETWRSX2
                 	MOVW R26,R28
                 	SUBI R26,LOW(-@2)
                 	SBCI R27,HIGH(-@2)
                 	LD   R@0,X+
                 	LD   R@1,X
                 	.ENDM
                 
                 	.MACRO __LSLW8SX
                 	MOVW R30,R28
                 	SUBI R30,LOW(-@0)
                 	SBCI R31,HIGH(-@0)
                 	LD   R31,Z
                 	CLR  R30
                 	.ENDM
                 
                 	.MACRO __PUTB1SX
                 	MOVW R26,R28
                 	SUBI R26,LOW(-@0)
                 	SBCI R27,HIGH(-@0)
                 	ST   X,R30
                 	.ENDM
                 
                 	.MACRO __PUTW1SX
                 	MOVW R26,R28
                 	SUBI R26,LOW(-@0)
                 	SBCI R27,HIGH(-@0)
                 	ST   X+,R30
                 	ST   X,R31
                 	.ENDM
                 
                 	.MACRO __PUTD1SX
                 	MOVW R26,R28
                 	SUBI R26,LOW(-@0)
                 	SBCI R27,HIGH(-@0)
                 	ST   X+,R30
                 	ST   X+,R31
                 	ST   X+,R22
                 	ST   X,R23
                 	.ENDM
                 
                 	.MACRO __CLRW1SX
                 	MOVW R26,R28
                 	SUBI R26,LOW(-@0)
                 	SBCI R27,HIGH(-@0)
                 	ST   X+,R30
                 	ST   X,R30
                 	.ENDM
                 
                 	.MACRO __CLRD1SX
                 	MOVW R26,R28
                 	SUBI R26,LOW(-@0)
                 	SBCI R27,HIGH(-@0)
                 	ST   X+,R30
                 	ST   X+,R30
                 	ST   X+,R30
                 	ST   X,R30
                 	.ENDM
                 
                 	.MACRO __PUTB2SX
                 	MOVW R30,R28
                 	SUBI R30,LOW(-@0)
                 	SBCI R31,HIGH(-@0)
                 	ST   Z,R26
                 	.ENDM
                 
                 	.MACRO __PUTW2SX
                 	MOVW R30,R28
                 	SUBI R30,LOW(-@0)
                 	SBCI R31,HIGH(-@0)
                 	ST   Z+,R26
                 	ST   Z,R27
                 	.ENDM
                 
                 	.MACRO __PUTD2SX
                 	MOVW R30,R28
                 	SUBI R30,LOW(-@0)
                 	SBCI R31,HIGH(-@0)
                 	ST   Z+,R26
                 	ST   Z+,R27
                 	ST   Z+,R24
                 	ST   Z,R25
                 	.ENDM
                 
                 	.MACRO __PUTBSRX
                 	MOVW R30,R28
                 	SUBI R30,LOW(-@1)
                 	SBCI R31,HIGH(-@1)
                 	ST   Z,R@0
                 	.ENDM
                 
                 	.MACRO __PUTWSRX
                 	MOVW R30,R28
                 	SUBI R30,LOW(-@2)
                 	SBCI R31,HIGH(-@2)
                 	ST   Z+,R@0
                 	ST   Z,R@1
                 	.ENDM
                 
                 	.MACRO __PUTB1SNX
                 	MOVW R26,R28
                 	SUBI R26,LOW(-@0)
                 	SBCI R27,HIGH(-@0)
                 	LD   R0,X+
                 	LD   R27,X
                 	MOV  R26,R0
                 	SUBI R26,LOW(-@1)
                 	SBCI R27,HIGH(-@1)
                 	ST   X,R30
                 	.ENDM
                 
                 	.MACRO __PUTW1SNX
                 	MOVW R26,R28
                 	SUBI R26,LOW(-@0)
                 	SBCI R27,HIGH(-@0)
                 	LD   R0,X+
                 	LD   R27,X
                 	MOV  R26,R0
                 	SUBI R26,LOW(-@1)
                 	SBCI R27,HIGH(-@1)
                 	ST   X+,R30
                 	ST   X,R31
                 	.ENDM
                 
                 	.MACRO __PUTD1SNX
                 	MOVW R26,R28
                 	SUBI R26,LOW(-@0)
                 	SBCI R27,HIGH(-@0)
                 	LD   R0,X+
                 	LD   R27,X
                 	MOV  R26,R0
                 	SUBI R26,LOW(-@1)
                 	SBCI R27,HIGH(-@1)
                 	ST   X+,R30
                 	ST   X+,R31
                 	ST   X+,R22
                 	ST   X,R23
                 	.ENDM
                 
                 	.MACRO __MULBRR
                 	MULS R@0,R@1
                 	MOVW R30,R0
                 	.ENDM
                 
                 	.MACRO __MULBRRU
                 	MUL  R@0,R@1
                 	MOVW R30,R0
                 	.ENDM
                 
                 	.MACRO __MULBRR0
                 	MULS R@0,R@1
                 	.ENDM
                 
                 	.MACRO __MULBRRU0
                 	MUL  R@0,R@1
                 	.ENDM
                 
                 	.MACRO __MULBNWRU
                 	LDI  R26,@2
                 	MUL  R26,R@0
                 	MOVW R30,R0
                 	MUL  R26,R@1
                 	ADD  R31,R0
                 	.ENDM
                 
                 ;NAME DEFINITIONS FOR GLOBAL VARIABLES ALLOCATED TO REGISTERS
                 	.DEF _sec=R4
                 	.DEF _min=R3
                 	.DEF _h=R6
                 	.DEF __lcd_x=R5
                 	.DEF __lcd_y=R8
                 	.DEF __lcd_maxx=R7
                 
                 ;GPIOR0 INITIALIZATION VALUE
                 	.EQU __GPIOR0_INIT=0x00
                 
                 	.CSEG
                 	.ORG 0x00
                 
                 ;START OF CODE MARKER
                 __START_OF_CODE:
                 
                 ;INTERRUPT VECTORS
000000 940c 0053 	JMP  __RESET
000002 940c 0000 	JMP  0x00
000004 940c 0000 	JMP  0x00
000006 940c 0000 	JMP  0x00
000008 940c 0000 	JMP  0x00
00000a 940c 0000 	JMP  0x00
00000c 940c 0000 	JMP  0x00
00000e 940c 0000 	JMP  0x00
000010 940c 0000 	JMP  0x00
000012 940c 0082 	JMP  _timer2_ovf_isr
000014 940c 0000 	JMP  0x00
000016 940c 0000 	JMP  0x00
000018 940c 0000 	JMP  0x00
00001a 940c 0000 	JMP  0x00
00001c 940c 0000 	JMP  0x00
00001e 940c 0000 	JMP  0x00
000020 940c 0000 	JMP  0x00
000022 940c 0000 	JMP  0x00
000024 940c 0000 	JMP  0x00
000026 940c 0000 	JMP  0x00
000028 940c 0000 	JMP  0x00
00002a 940c 0000 	JMP  0x00
00002c 940c 0000 	JMP  0x00
00002e 940c 0000 	JMP  0x00
000030 940c 0000 	JMP  0x00
000032 940c 0000 	JMP  0x00
                 
                 _tbl10_G101:
000034 2710
000035 03e8
000036 0064
000037 000a      	.DB  0x10,0x27,0xE8,0x3,0x64,0x0,0xA,0x0
000038 0001      	.DB  0x1,0x0
                 _tbl16_G101:
000039 1000
00003a 0100
00003b 0010
00003c 0001      	.DB  0x0,0x10,0x0,0x1,0x10,0x0,0x1,0x0
                 
                 ;GLOBAL REGISTER VARIABLES INITIALIZATION
                 __REG_VARS:
00003d 0000
00003e 0000      	.DB  0x0,0x0,0x0,0x0
                 
                 _0x0:
00003f 3025
000040 6432
000041 253a
000042 3230      	.DB  0x25,0x30,0x32,0x64,0x3A,0x25,0x30,0x32
000043 3a64
000044 3025
000045 6432
000046 5e00      	.DB  0x64,0x3A,0x25,0x30,0x32,0x64,0x0,0x5E
C:\Users\danii\prg\MPS_labs\cycle3_5\Debug\List\project.asm(1147): warning: .cseg .db misalignment - padding zero byte
000047 0000      	.DB  0x0
                 _0x2000003:
000048 c080      	.DB  0x80,0xC0
                 
                 __GLOBAL_INI_TBL:
000049 0004      	.DW  0x04
00004a 0003      	.DW  0x03
00004b 007a      	.DW  __REG_VARS*2
                 
00004c 0002      	.DW  0x02
00004d 0300      	.DW  _0x10
00004e 008d      	.DW  _0x0*2+15
                 
00004f 0002      	.DW  0x02
000050 0302      	.DW  __base_y_G100
000051 0090      	.DW  _0x2000003*2
                 
                 _0xFFFFFFFF:
000052 0000      	.DW  0
                 
                 #define __GLOBAL_INI_TBL_PRESENT 1
                 
                 __RESET:
000053 94f8      	CLI
000054 27ee      	CLR  R30
000055 bbef      	OUT  EECR,R30
                 
                 ;INTERRUPT VECTORS ARE PLACED
                 ;AT THE START OF FLASH
000056 e0f1      	LDI  R31,1
000057 bff5      	OUT  MCUCR,R31
000058 bfe5      	OUT  MCUCR,R30
                 
                 ;CLEAR R2-R14
000059 e08d      	LDI  R24,(14-2)+1
00005a e0a2      	LDI  R26,2
00005b 27bb      	CLR  R27
                 __CLEAR_REG:
00005c 93ed      	ST   X+,R30
00005d 958a      	DEC  R24
00005e f7e9      	BRNE __CLEAR_REG
                 
                 ;CLEAR SRAM
00005f e080      	LDI  R24,LOW(__CLEAR_SRAM_SIZE)
000060 e098      	LDI  R25,HIGH(__CLEAR_SRAM_SIZE)
000061 e0a0      	LDI  R26,LOW(__SRAM_START)
000062 e0b1      	LDI  R27,HIGH(__SRAM_START)
                 __CLEAR_SRAM:
000063 93ed      	ST   X+,R30
000064 9701      	SBIW R24,1
000065 f7e9      	BRNE __CLEAR_SRAM
                 
                 ;GLOBAL VARIABLES INITIALIZATION
000066 e9e2      	LDI  R30,LOW(__GLOBAL_INI_TBL*2)
000067 e0f0      	LDI  R31,HIGH(__GLOBAL_INI_TBL*2)
                 __GLOBAL_INI_NEXT:
000068 9185      	LPM  R24,Z+
000069 9195      	LPM  R25,Z+
00006a 9700      	SBIW R24,0
00006b f061      	BREQ __GLOBAL_INI_END
00006c 91a5      	LPM  R26,Z+
00006d 91b5      	LPM  R27,Z+
00006e 9005      	LPM  R0,Z+
00006f 9015      	LPM  R1,Z+
000070 01bf      	MOVW R22,R30
000071 01f0      	MOVW R30,R0
                 __GLOBAL_INI_LOOP:
000072 9005      	LPM  R0,Z+
000073 920d      	ST   X+,R0
000074 9701      	SBIW R24,1
000075 f7e1      	BRNE __GLOBAL_INI_LOOP
000076 01fb      	MOVW R30,R22
000077 cff0      	RJMP __GLOBAL_INI_NEXT
                 __GLOBAL_INI_END:
                 
                 ;GPIOR0 INITIALIZATION
000078 e0e0      	LDI  R30,__GPIOR0_INIT
000079 bbee      	OUT  GPIOR0,R30
                 
                 ;HARDWARE STACK POINTER INITIALIZATION
00007a efef      	LDI  R30,LOW(__SRAM_END-__HEAP_SIZE)
00007b bfed      	OUT  SPL,R30
00007c e0e8      	LDI  R30,HIGH(__SRAM_END-__HEAP_SIZE)
00007d bfee      	OUT  SPH,R30
                 
                 ;DATA STACK POINTER INITIALIZATION
00007e e0c0      	LDI  R28,LOW(__SRAM_START+__DSTACK_SIZE)
00007f e0d3      	LDI  R29,HIGH(__SRAM_START+__DSTACK_SIZE)
                 
000080 940c 0097 	JMP  _main
                 
                 	.ESEG
                 	.ORG 0
                 
                 	.DSEG
                 	.ORG 0x300
                 
                 	.CSEG
                 ;/*******************************************************
                 ;This program was created by the
                 ;CodeWizardAVR V3.12 Advanced
                 ;Automatic Program Generator
                 ;© Copyright 1998-2014 Pavel Haiduc, HP InfoTech s.r.l.
                 ;http://www.hpinfotech.com
                 ;
                 ;Project :
                 ;Version :
                 ;Date    : 10/15/2021
                 ;Author  :
                 ;Company :
                 ;Comments:
                 ;
                 ;
                 ;Chip type               : ATmega328P
                 ;Program type            : Application
                 ;AVR Core Clock frequency: 8.000000 MHz
                 ;Memory model            : Small
                 ;External RAM size       : 0
                 ;Data Stack size         : 512
                 ;*******************************************************/
                 ;typedef unsigned char uint8_t;
                 ;
                 ;#include <mega328p.h>
                 	#ifndef __SLEEP_DEFINED__
                 	#define __SLEEP_DEFINED__
                 	.EQU __se_bit=0x01
                 	.EQU __sm_mask=0x0E
                 	.EQU __sm_adc_noise_red=0x02
                 	.EQU __sm_powerdown=0x04
                 	.EQU __sm_powersave=0x06
                 	.EQU __sm_standby=0x0C
                 	.EQU __sm_ext_standby=0x0E
                 	.SET power_ctrl_reg=smcr
                 	#endif
                 ;#include <delay.h>
                 ;
                 ;// Alphanumeric LCD functions
                 ;#include <alcd.h>
                 ;#include <stdio.h>
                 ;
                 ;// Declare your global variables here
                 ;
                 ;uint8_t sec = 0;
                 ;uint8_t min = 0;
                 ;uint8_t h = 0;
                 ;
                 ;// Timer2 overflow interrupt service routine
                 ;interrupt [TIM2_OVF] void timer2_ovf_isr(void)
                 ; 0000 0028 {
                 
                 	.CSEG
                 _timer2_ovf_isr:
                 ; .FSTART _timer2_ovf_isr
000082 93ea      	ST   -Y,R30
000083 b7ef      	IN   R30,SREG
000084 93ea      	ST   -Y,R30
                 ; 0000 0029 // Place your code here
                 ; 0000 002A 	sec += 1;
000085 9443      	INC  R4
                 ; 0000 002B     if (sec == 60) {
000086 e3ec      	LDI  R30,LOW(60)
000087 15e4      	CP   R30,R4
000088 f451      	BRNE _0x3
                 ; 0000 002C     	sec = 0;
000089 2444      	CLR  R4
                 ; 0000 002D         min += 1;
00008a 9433      	INC  R3
                 ; 0000 002E         if (min == 60) {
00008b 15e3      	CP   R30,R3
00008c f431      	BRNE _0x4
                 ; 0000 002F         	min = 0;
00008d 2433      	CLR  R3
                 ; 0000 0030             h += 1;
00008e 9463      	INC  R6
                 ; 0000 0031             if (h == 12) {
00008f e0ec      	LDI  R30,LOW(12)
000090 15e6      	CP   R30,R6
000091 f409      	BRNE _0x5
                 ; 0000 0032             	h = 0;
000092 2466      	CLR  R6
                 ; 0000 0033             }
                 ; 0000 0034         }
                 _0x5:
                 ; 0000 0035 
                 ; 0000 0036     }
                 _0x4:
                 ; 0000 0037 
                 ; 0000 0038 }
                 _0x3:
000093 91e9      	LD   R30,Y+
000094 bfef      	OUT  SREG,R30
000095 91e9      	LD   R30,Y+
000096 9518      	RETI
                 ; .FEND
                 ;
                 ;void main(void)
                 ; 0000 003B {
                 _main:
                 ; .FSTART _main
                 ; 0000 003C // Declare your local variables here
                 ; 0000 003D char buf[100];
                 ; 0000 003E char mode = 0;
                 ; 0000 003F // Crystal Oscillator division factor: 1
                 ; 0000 0040 #pragma optsize-
                 ; 0000 0041 CLKPR=(1<<CLKPCE);
000097 97ef      	SBIW R28,63
000098 97a5      	SBIW R28,37
                 ;	buf -> Y+0
                 ;	mode -> R17
000099 e010      	LDI  R17,0
00009a e8e0      	LDI  R30,LOW(128)
00009b 93e0 0061 	STS  97,R30
                 ; 0000 0042 CLKPR=(0<<CLKPCE) | (0<<CLKPS3) | (0<<CLKPS2) | (0<<CLKPS1) | (0<<CLKPS0);
00009d e0e0      	LDI  R30,LOW(0)
00009e 93e0 0061 	STS  97,R30
                 ; 0000 0043 #ifdef _OPTIMIZE_SIZE_
                 ; 0000 0044 #pragma optsize+
                 ; 0000 0045 #endif
                 ; 0000 0046 // Input/Output Ports initialization
                 ; 0000 0047 // Port B initialization
                 ; 0000 0048 // Function: Bit7=In Bit6=In Bit5=In Bit4=In Bit3=In Bit2=In Bit1=In Bit0=In
                 ; 0000 0049 DDRB=(0<<DDB7) | (0<<DDB6) | (0<<DDB5) | (0<<DDB4) | (0<<DDB3) | (0<<DDB2) | (0<<DDB1) | (0<<DDB0);
0000a0 b9e4      	OUT  0x4,R30
                 ; 0000 004A // State: Bit7=T Bit6=T Bit5=T Bit4=T Bit3=T Bit2=T Bit1=T Bit0=T
                 ; 0000 004B PORTB=(0<<PORTB7) | (0<<PORTB6) | (0<<PORTB5) | (0<<PORTB4) | (0<<PORTB3) | (0<<PORTB2) | (0<<PORTB1) | (0<<PORTB0);
0000a1 b9e5      	OUT  0x5,R30
                 ; 0000 004C 
                 ; 0000 004D // Port C initialization
                 ; 0000 004E // Function: Bit6=In Bit5=In Bit4=In Bit3=In Bit2=In Bit1=In Bit0=In
                 ; 0000 004F DDRC=(0<<DDC6) | (0<<DDC5) | (0<<DDC4) | (0<<DDC3) | (0<<DDC2) | (0<<DDC1) | (0<<DDC0);
0000a2 b9e7      	OUT  0x7,R30
                 ; 0000 0050 // State: Bit6=T Bit5=T Bit4=T Bit3=T Bit2=T Bit1=T Bit0=T
                 ; 0000 0051 PORTC=(0<<PORTC6) | (0<<PORTC5) | (0<<PORTC4) | (0<<PORTC3) | (0<<PORTC2) | (0<<PORTC1) | (0<<PORTC0);
0000a3 b9e8      	OUT  0x8,R30
                 ; 0000 0052 
                 ; 0000 0053 // Port D initialization
                 ; 0000 0054 // Function: Bit7=In Bit6=In Bit5=In Bit4=In Bit3=In Bit2=In Bit1=In Bit0=In
                 ; 0000 0055 DDRD=(0<<DDD7) | (0<<DDD6) | (0<<DDD5) | (0<<DDD4) | (0<<DDD3) | (0<<DDD2) | (0<<DDD1) | (0<<DDD0);
0000a4 b9ea      	OUT  0xA,R30
                 ; 0000 0056 // State: Bit7=T Bit6=T Bit5=T Bit4=T Bit3=T Bit2=T Bit1=T Bit0=T
                 ; 0000 0057 PORTD=(0<<PORTD7) | (0<<PORTD6) | (0<<PORTD5) | (0<<PORTD4) | (0<<PORTD3) | (0<<PORTD2) | (0<<PORTD1) | (0<<PORTD0);
0000a5 b9eb      	OUT  0xB,R30
                 ; 0000 0058 
                 ; 0000 0059 // Timer/Counter 2 initialization
                 ; 0000 005A // Clock source: Crystal on TOSC1 pin
                 ; 0000 005B // Clock value: PCK2/128
                 ; 0000 005C // Mode: Normal top=0xFF
                 ; 0000 005D // OC2A output: Disconnected
                 ; 0000 005E // OC2B output: Disconnected
                 ; 0000 005F ASSR=(0<<EXCLK) | (1<<AS2);
0000a6 e2e0      	LDI  R30,LOW(32)
0000a7 93e0 00b6 	STS  182,R30
                 ; 0000 0060 TCCR2A=(0<<COM2A1) | (0<<COM2A0) | (0<<COM2B1) | (0<<COM2B0) | (0<<WGM21) | (0<<WGM20);
0000a9 e0e0      	LDI  R30,LOW(0)
0000aa 93e0 00b0 	STS  176,R30
                 ; 0000 0061 TCCR2B=(0<<WGM22) | (1<<CS22) | (0<<CS21) | (1<<CS20);
0000ac e0e5      	LDI  R30,LOW(5)
0000ad 93e0 00b1 	STS  177,R30
                 ; 0000 0062 TCNT2=0x00;
0000af e0e0      	LDI  R30,LOW(0)
0000b0 93e0 00b2 	STS  178,R30
                 ; 0000 0063 OCR2A=0x00;
0000b2 93e0 00b3 	STS  179,R30
                 ; 0000 0064 OCR2B=0x00;
0000b4 93e0 00b4 	STS  180,R30
                 ; 0000 0065 
                 ; 0000 0066 // Timer/Counter 2 Interrupt(s) initialization
                 ; 0000 0067 TIMSK2=(0<<OCIE2B) | (0<<OCIE2A) | (1<<TOIE2);
0000b6 e0e1      	LDI  R30,LOW(1)
0000b7 93e0 0070 	STS  112,R30
                 ; 0000 0068 
                 ; 0000 0069 // Alphanumeric LCD initialization
                 ; 0000 006A // Connections are specified in the
                 ; 0000 006B // Project|Configure|C Compiler|Libraries|Alphanumeric LCD menu:
                 ; 0000 006C // RS - PORTD Bit 0
                 ; 0000 006D // RD - PORTD Bit 1
                 ; 0000 006E // EN - PORTD Bit 2
                 ; 0000 006F // D4 - PORTD Bit 4
                 ; 0000 0070 // D5 - PORTD Bit 5
                 ; 0000 0071 // D6 - PORTD Bit 6
                 ; 0000 0072 // D7 - PORTD Bit 7
                 ; 0000 0073 // Characters/line: 20
                 ; 0000 0074 lcd_init(20);
0000b9 e1a4      	LDI  R26,LOW(20)
0000ba d09e      	RCALL _lcd_init
                 ; 0000 0075 
                 ; 0000 0076 // Global enable interrupts
                 ; 0000 0077 #asm("sei")
0000bb 9478      	sei
                 ; 0000 0078 
                 ; 0000 0079 while (1)
                 _0x6:
                 ; 0000 007A       {
                 ; 0000 007B       		lcd_gotoxy(0,0);
0000bc e0e0      	LDI  R30,LOW(0)
0000bd 93ea      	ST   -Y,R30
0000be e0a0      	LDI  R26,LOW(0)
0000bf d05a      	RCALL _lcd_gotoxy
                 ; 0000 007C 
                 ; 0000 007D       		sprintf(buf, "%02d:%02d:%02d", h, min, sec);
0000c0 01fe      	MOVW R30,R28
0000c1 93fa      	ST   -Y,R31
0000c2 93ea      	ST   -Y,R30
                +
0000c3 e7ee     +LDI R30 , LOW ( 2 * _0x0 + ( 0 ) )
0000c4 e0f0     +LDI R31 , HIGH ( 2 * _0x0 + ( 0 ) )
                 	__POINTW1FN _0x0,0
0000c5 93fa      	ST   -Y,R31
0000c6 93ea      	ST   -Y,R30
0000c7 2de6      	MOV  R30,R6
0000c8 940e 0348 	CALL SUBOPT_0x0
0000ca 2de3      	MOV  R30,R3
0000cb 940e 0348 	CALL SUBOPT_0x0
0000cd 2de4      	MOV  R30,R4
0000ce 940e 0348 	CALL SUBOPT_0x0
0000d0 e08c      	LDI  R24,12
0000d1 940e 02fb 	CALL _sprintf
0000d3 9660      	ADIW R28,16
                 ; 0000 007E             lcd_puts(buf);
0000d4 01de      	MOVW R26,R28
0000d5 d072      	RCALL _lcd_puts
                 ; 0000 007F             mode =2;
0000d6 e012      	LDI  R17,LOW(2)
                 ; 0000 0080             if (mode) {
0000d7 3010      	CPI  R17,0
0000d8 f0d9      	BREQ _0x9
                 ; 0000 0081              	switch(mode) {
0000d9 2fe1      	MOV  R30,R17
0000da e0f0      	LDI  R31,0
                 ; 0000 0082                 case 1:
0000db 30e1      	CPI  R30,LOW(0x1)
0000dc e0a0      	LDI  R26,HIGH(0x1)
0000dd 07fa      	CPC  R31,R26
0000de f411      	BRNE _0xD
                 ; 0000 0083                 	lcd_gotoxy(1,1);
0000df e0e1      	LDI  R30,LOW(1)
0000e0 c00d      	RJMP _0x12
                 ; 0000 0084                     break;
                 ; 0000 0085                 case 2:
                 _0xD:
0000e1 30e2      	CPI  R30,LOW(0x2)
0000e2 e0a0      	LDI  R26,HIGH(0x2)
0000e3 07fa      	CPC  R31,R26
0000e4 f421      	BRNE _0xE
                 ; 0000 0086                     lcd_gotoxy(1,4);
0000e5 e0e1      	LDI  R30,LOW(1)
0000e6 93ea      	ST   -Y,R30
0000e7 e0a4      	LDI  R26,LOW(4)
0000e8 c007      	RJMP _0x13
                 ; 0000 0087                     break;
                 ; 0000 0088                 case 3:
                 _0xE:
0000e9 30e3      	CPI  R30,LOW(0x3)
0000ea e0a0      	LDI  R26,HIGH(0x3)
0000eb 07fa      	CPC  R31,R26
0000ec f421      	BRNE _0xC
                 ; 0000 0089                     lcd_gotoxy(0,1);
0000ed e0e0      	LDI  R30,LOW(0)
                 _0x12:
0000ee 93ea      	ST   -Y,R30
0000ef e0a1      	LDI  R26,LOW(1)
                 _0x13:
0000f0 d029      	RCALL _lcd_gotoxy
                 ; 0000 008A                     break;
                 ; 0000 008B             	}
                 _0xC:
                 ; 0000 008C                 lcd_puts("^");
                +
0000f1 e0a0     +LDI R26 , LOW ( _0x10 + ( 0 ) )
0000f2 e0b3     +LDI R27 , HIGH ( _0x10 + ( 0 ) )
                 	__POINTW2MN _0x10,0
0000f3 d054      	RCALL _lcd_puts
                 ; 0000 008D             }
                 ; 0000 008E 
                 ; 0000 008F             delay_ms(100);
                 _0x9:
0000f4 e6a4      	LDI  R26,LOW(100)
0000f5 e0b0      	LDI  R27,0
0000f6 940e 0388 	CALL _delay_ms
                 ; 0000 0090 
                 ; 0000 0091       }
0000f8 cfc3      	RJMP _0x6
                 ; 0000 0092 }
                 _0x11:
0000f9 cfff      	RJMP _0x11
                 ; .FEND
                 
                 	.DSEG
                 _0x10:
000300           	.BYTE 0x2
                 	#ifndef __SLEEP_DEFINED__
                 	#endif
                 
                 	.DSEG
                 
                 	.CSEG
                 __lcd_write_nibble_G100:
                 ; .FSTART __lcd_write_nibble_G100
0000fa 93aa      	ST   -Y,R26
0000fb b1eb      	IN   R30,0xB
0000fc 70ef      	ANDI R30,LOW(0xF)
0000fd 2fae      	MOV  R26,R30
0000fe 81e8      	LD   R30,Y
0000ff 7fe0      	ANDI R30,LOW(0xF0)
000100 2bea      	OR   R30,R26
000101 b9eb      	OUT  0xB,R30
                +
000102 e08d     +LDI R24 , LOW ( 13 )
                +__DELAY_USB_LOOP :
000103 958a     +DEC R24
000104 f7f1     +BRNE __DELAY_USB_LOOP
                 	__DELAY_USB 13
000105 9a5a      	SBI  0xB,2
                +
000106 e08d     +LDI R24 , LOW ( 13 )
                +__DELAY_USB_LOOP :
000107 958a     +DEC R24
000108 f7f1     +BRNE __DELAY_USB_LOOP
                 	__DELAY_USB 13
000109 985a      	CBI  0xB,2
                +
00010a e08d     +LDI R24 , LOW ( 13 )
                +__DELAY_USB_LOOP :
00010b 958a     +DEC R24
00010c f7f1     +BRNE __DELAY_USB_LOOP
                 	__DELAY_USB 13
00010d c077      	RJMP _0x2080002
                 ; .FEND
                 __lcd_write_data:
                 ; .FSTART __lcd_write_data
00010e 93aa      	ST   -Y,R26
00010f 81a8      	LD   R26,Y
000110 dfe9      	RCALL __lcd_write_nibble_G100
000111 81e8          ld    r30,y
000112 95e2          swap  r30
000113 83e8          st    y,r30
000114 81a8      	LD   R26,Y
000115 dfe4      	RCALL __lcd_write_nibble_G100
                +
000116 e885     +LDI R24 , LOW ( 133 )
                +__DELAY_USB_LOOP :
000117 958a     +DEC R24
000118 f7f1     +BRNE __DELAY_USB_LOOP
                 	__DELAY_USB 133
000119 c06b      	RJMP _0x2080002
                 ; .FEND
                 _lcd_gotoxy:
                 ; .FSTART _lcd_gotoxy
00011a 93aa      	ST   -Y,R26
00011b 81e8      	LD   R30,Y
00011c e0f0      	LDI  R31,0
00011d 5fee      	SUBI R30,LOW(-__base_y_G100)
00011e 4ffc      	SBCI R31,HIGH(-__base_y_G100)
00011f 81e0      	LD   R30,Z
000120 81a9      	LDD  R26,Y+1
000121 0fae      	ADD  R26,R30
000122 dfeb      	RCALL __lcd_write_data
000123 8059      	LDD  R5,Y+1
000124 8088      	LDD  R8,Y+0
000125 9622      	ADIW R28,2
000126 9508      	RET
                 ; .FEND
                 _lcd_clear:
                 ; .FSTART _lcd_clear
000127 e0a2      	LDI  R26,LOW(2)
000128 940e 034e 	CALL SUBOPT_0x1
00012a e0ac      	LDI  R26,LOW(12)
00012b dfe2      	RCALL __lcd_write_data
00012c e0a1      	LDI  R26,LOW(1)
00012d 940e 034e 	CALL SUBOPT_0x1
00012f e0e0      	LDI  R30,LOW(0)
000130 2e8e      	MOV  R8,R30
000131 2e5e      	MOV  R5,R30
000132 9508      	RET
                 ; .FEND
                 _lcd_putchar:
                 ; .FSTART _lcd_putchar
000133 93aa      	ST   -Y,R26
000134 81a8      	LD   R26,Y
000135 30aa      	CPI  R26,LOW(0xA)
000136 f011      	BREQ _0x2000005
000137 1457      	CP   R5,R7
000138 f048      	BRLO _0x2000004
                 _0x2000005:
000139 e0e0      	LDI  R30,LOW(0)
00013a 93ea      	ST   -Y,R30
00013b 9483      	INC  R8
00013c 2da8      	MOV  R26,R8
00013d dfdc      	RCALL _lcd_gotoxy
00013e 81a8      	LD   R26,Y
00013f 30aa      	CPI  R26,LOW(0xA)
000140 f409      	BRNE _0x2000007
000141 c043      	RJMP _0x2080002
                 _0x2000007:
                 _0x2000004:
000142 9453      	INC  R5
000143 9a58      	SBI  0xB,0
000144 81a8      	LD   R26,Y
000145 dfc8      	RCALL __lcd_write_data
000146 9858      	CBI  0xB,0
000147 c03d      	RJMP _0x2080002
                 ; .FEND
                 _lcd_puts:
                 ; .FSTART _lcd_puts
000148 93ba      	ST   -Y,R27
000149 93aa      	ST   -Y,R26
00014a 931a      	ST   -Y,R17
                 _0x2000008:
00014b 81a9      	LDD  R26,Y+1
00014c 81ba      	LDD  R27,Y+1+1
00014d 91ed      	LD   R30,X+
00014e 83a9      	STD  Y+1,R26
00014f 83ba      	STD  Y+1+1,R27
000150 2f1e      	MOV  R17,R30
000151 30e0      	CPI  R30,0
000152 f019      	BREQ _0x200000A
000153 2fa1      	MOV  R26,R17
000154 dfde      	RCALL _lcd_putchar
000155 cff5      	RJMP _0x2000008
                 _0x200000A:
000156 8118      	LDD  R17,Y+0
000157 9623      	ADIW R28,3
000158 9508      	RET
                 ; .FEND
                 _lcd_init:
                 ; .FSTART _lcd_init
000159 93aa      	ST   -Y,R26
00015a b1ea      	IN   R30,0xA
00015b 6fe0      	ORI  R30,LOW(0xF0)
00015c b9ea      	OUT  0xA,R30
00015d 9a52      	SBI  0xA,2
00015e 9a50      	SBI  0xA,0
00015f 9a51      	SBI  0xA,1
000160 985a      	CBI  0xB,2
000161 9858      	CBI  0xB,0
000162 9859      	CBI  0xB,1
000163 8078      	LDD  R7,Y+0
000164 81e8      	LD   R30,Y
000165 58e0      	SUBI R30,-LOW(128)
                +
000166 93e0 0304+STS __base_y_G100 + ( 2 ) , R30
                 	__PUTB1MN __base_y_G100,2
000168 81e8      	LD   R30,Y
000169 54e0      	SUBI R30,-LOW(192)
                +
00016a 93e0 0305+STS __base_y_G100 + ( 3 ) , R30
                 	__PUTB1MN __base_y_G100,3
00016c e1a4      	LDI  R26,LOW(20)
00016d e0b0      	LDI  R27,0
00016e 940e 0388 	CALL _delay_ms
000170 940e 0354 	CALL SUBOPT_0x2
000172 940e 0354 	CALL SUBOPT_0x2
000174 940e 0354 	CALL SUBOPT_0x2
000176 e2a0      	LDI  R26,LOW(32)
000177 df82      	RCALL __lcd_write_nibble_G100
                +
000178 ec88     +LDI R24 , LOW ( 200 )
000179 e090     +LDI R25 , HIGH ( 200 )
                +__DELAY_USW_LOOP :
00017a 9701     +SBIW R24 , 1
00017b f7f1     +BRNE __DELAY_USW_LOOP
                 	__DELAY_USW 200
00017c e2a8      	LDI  R26,LOW(40)
00017d df90      	RCALL __lcd_write_data
00017e e0a4      	LDI  R26,LOW(4)
00017f df8e      	RCALL __lcd_write_data
000180 e8a5      	LDI  R26,LOW(133)
000181 df8c      	RCALL __lcd_write_data
000182 e0a6      	LDI  R26,LOW(6)
000183 df8a      	RCALL __lcd_write_data
000184 dfa2      	RCALL _lcd_clear
                 _0x2080002:
000185 9621      	ADIW R28,1
000186 9508      	RET
                 ; .FEND
                 	#ifndef __SLEEP_DEFINED__
                 	#endif
                 
                 	.CSEG
                 _put_buff_G101:
                 ; .FSTART _put_buff_G101
000187 93ba      	ST   -Y,R27
000188 93aa      	ST   -Y,R26
000189 931a      	ST   -Y,R17
00018a 930a      	ST   -Y,R16
00018b 81aa      	LDD  R26,Y+2
00018c 81bb      	LDD  R27,Y+2+1
00018d 9612      	ADIW R26,2
00018e 940e 039a 	CALL __GETW1P
000190 9730      	SBIW R30,0
000191 f159      	BREQ _0x2020016
000192 81aa      	LDD  R26,Y+2
000193 81bb      	LDD  R27,Y+2+1
000194 9614      	ADIW R26,4
000195 940e 039a 	CALL __GETW1P
000197 018f      	MOVW R16,R30
000198 9730      	SBIW R30,0
000199 f061      	BREQ _0x2020018
                +
00019a 3002     +CPI R16 , LOW ( 2 )
00019b e0e0     +LDI R30 , HIGH ( 2 )
00019c 071e     +CPC R17 , R30
                 	__CPWRN 16,17,2
00019d f098      	BRLO _0x2020019
00019e 01f8      	MOVW R30,R16
00019f 9731      	SBIW R30,1
0001a0 018f      	MOVW R16,R30
                +
0001a1 81aa     +LDD R26 , Y + 2
0001a2 81bb     +LDD R27 , Y + 2 + 1
0001a3 9614     +ADIW R26 , 4
0001a4 93ed     +ST X + , R30
0001a5 93fc     +ST X , R31
                 	__PUTW1SNS 2,4
                 _0x2020018:
0001a6 81aa      	LDD  R26,Y+2
0001a7 81bb      	LDD  R27,Y+2+1
0001a8 9612      	ADIW R26,2
0001a9 91ed      	LD   R30,X+
0001aa 91fd      	LD   R31,X+
0001ab 9631      	ADIW R30,1
0001ac 93fe      	ST   -X,R31
0001ad 93ee      	ST   -X,R30
0001ae 9731      	SBIW R30,1
0001af 81ac      	LDD  R26,Y+4
0001b0 83a0      	STD  Z+0,R26
                 _0x2020019:
0001b1 81aa      	LDD  R26,Y+2
0001b2 81bb      	LDD  R27,Y+2+1
0001b3 940e 039a 	CALL __GETW1P
0001b5 23ff      	TST  R31
0001b6 f02a      	BRMI _0x202001A
0001b7 91ed      	LD   R30,X+
0001b8 91fd      	LD   R31,X+
0001b9 9631      	ADIW R30,1
0001ba 93fe      	ST   -X,R31
0001bb 93ee      	ST   -X,R30
                 _0x202001A:
0001bc c006      	RJMP _0x202001B
                 _0x2020016:
0001bd 81aa      	LDD  R26,Y+2
0001be 81bb      	LDD  R27,Y+2+1
0001bf efef      	LDI  R30,LOW(65535)
0001c0 efff      	LDI  R31,HIGH(65535)
0001c1 93ed      	ST   X+,R30
0001c2 93fc      	ST   X,R31
                 _0x202001B:
0001c3 8119      	LDD  R17,Y+1
0001c4 8108      	LDD  R16,Y+0
0001c5 9625      	ADIW R28,5
0001c6 9508      	RET
                 ; .FEND
                 __print_G101:
                 ; .FSTART __print_G101
0001c7 93ba      	ST   -Y,R27
0001c8 93aa      	ST   -Y,R26
0001c9 9726      	SBIW R28,6
0001ca 940e 03a7 	CALL __SAVELOCR6
0001cc e010      	LDI  R17,0
0001cd 85ac      	LDD  R26,Y+12
0001ce 85bd      	LDD  R27,Y+12+1
0001cf e0e0      	LDI  R30,LOW(0)
0001d0 e0f0      	LDI  R31,HIGH(0)
0001d1 93ed      	ST   X+,R30
0001d2 93fc      	ST   X,R31
                 _0x202001C:
0001d3 89ea      	LDD  R30,Y+18
0001d4 89fb      	LDD  R31,Y+18+1
0001d5 9631      	ADIW R30,1
0001d6 8bea      	STD  Y+18,R30
0001d7 8bfb      	STD  Y+18+1,R31
0001d8 9731      	SBIW R30,1
0001d9 91e4      	LPM  R30,Z
0001da 2f2e      	MOV  R18,R30
0001db 30e0      	CPI  R30,0
0001dc f409      	BRNE PC+2
0001dd c115      	RJMP _0x202001E
0001de 2fe1      	MOV  R30,R17
0001df 30e0      	CPI  R30,0
0001e0 f439      	BRNE _0x2020022
0001e1 3225      	CPI  R18,37
0001e2 f411      	BRNE _0x2020023
0001e3 e011      	LDI  R17,LOW(1)
0001e4 c002      	RJMP _0x2020024
                 _0x2020023:
0001e5 940e 035c 	CALL SUBOPT_0x3
                 _0x2020024:
0001e7 c10a      	RJMP _0x2020021
                 _0x2020022:
0001e8 30e1      	CPI  R30,LOW(0x1)
0001e9 f4a9      	BRNE _0x2020025
0001ea 3225      	CPI  R18,37
0001eb f419      	BRNE _0x2020026
0001ec 940e 035c 	CALL SUBOPT_0x3
0001ee c102      	RJMP _0x20200D2
                 _0x2020026:
0001ef e012      	LDI  R17,LOW(2)
0001f0 e040      	LDI  R20,LOW(0)
0001f1 e000      	LDI  R16,LOW(0)
0001f2 322d      	CPI  R18,45
0001f3 f411      	BRNE _0x2020027
0001f4 e001      	LDI  R16,LOW(1)
0001f5 c0fc      	RJMP _0x2020021
                 _0x2020027:
0001f6 322b      	CPI  R18,43
0001f7 f411      	BRNE _0x2020028
0001f8 e24b      	LDI  R20,LOW(43)
0001f9 c0f8      	RJMP _0x2020021
                 _0x2020028:
0001fa 3220      	CPI  R18,32
0001fb f411      	BRNE _0x2020029
0001fc e240      	LDI  R20,LOW(32)
0001fd c0f4      	RJMP _0x2020021
                 _0x2020029:
0001fe c002      	RJMP _0x202002A
                 _0x2020025:
0001ff 30e2      	CPI  R30,LOW(0x2)
000200 f439      	BRNE _0x202002B
                 _0x202002A:
000201 e050      	LDI  R21,LOW(0)
000202 e013      	LDI  R17,LOW(3)
000203 3320      	CPI  R18,48
000204 f411      	BRNE _0x202002C
000205 6800      	ORI  R16,LOW(128)
000206 c0eb      	RJMP _0x2020021
                 _0x202002C:
000207 c003      	RJMP _0x202002D
                 _0x202002B:
000208 30e3      	CPI  R30,LOW(0x3)
000209 f009      	BREQ PC+2
00020a c0e7      	RJMP _0x2020021
                 _0x202002D:
00020b 3320      	CPI  R18,48
00020c f010      	BRLO _0x2020030
00020d 332a      	CPI  R18,58
00020e f008      	BRLO _0x2020031
                 _0x2020030:
00020f c007      	RJMP _0x202002F
                 _0x2020031:
000210 e0aa      	LDI  R26,LOW(10)
000211 9f5a      	MUL  R21,R26
000212 2d50      	MOV  R21,R0
000213 2fe2      	MOV  R30,R18
000214 53e0      	SUBI R30,LOW(48)
000215 0f5e      	ADD  R21,R30
000216 c0db      	RJMP _0x2020021
                 _0x202002F:
000217 2fe2      	MOV  R30,R18
000218 36e3      	CPI  R30,LOW(0x63)
000219 f449      	BRNE _0x2020035
00021a 940e 0363 	CALL SUBOPT_0x4
00021c 89e8      	LDD  R30,Y+16
00021d 89f9      	LDD  R31,Y+16+1
00021e 81a4      	LDD  R26,Z+4
00021f 93aa      	ST   -Y,R26
000220 940e 0369 	CALL SUBOPT_0x5
000222 c0ce      	RJMP _0x2020036
                 _0x2020035:
000223 37e3      	CPI  R30,LOW(0x73)
000224 f441      	BRNE _0x2020038
000225 940e 0363 	CALL SUBOPT_0x4
000227 940e 036f 	CALL SUBOPT_0x6
000229 940e 032f 	CALL _strlen
00022b 2f1e      	MOV  R17,R30
00022c c00a      	RJMP _0x2020039
                 _0x2020038:
00022d 37e0      	CPI  R30,LOW(0x70)
00022e f461      	BRNE _0x202003B
00022f 940e 0363 	CALL SUBOPT_0x4
000231 940e 036f 	CALL SUBOPT_0x6
000233 940e 033b 	CALL _strlenf
000235 2f1e      	MOV  R17,R30
000236 6008      	ORI  R16,LOW(8)
                 _0x2020039:
000237 6002      	ORI  R16,LOW(2)
000238 770f      	ANDI R16,LOW(127)
000239 e030      	LDI  R19,LOW(0)
00023a c034      	RJMP _0x202003C
                 _0x202003B:
00023b 36e4      	CPI  R30,LOW(0x64)
00023c f011      	BREQ _0x202003F
00023d 36e9      	CPI  R30,LOW(0x69)
00023e f411      	BRNE _0x2020040
                 _0x202003F:
00023f 6004      	ORI  R16,LOW(4)
000240 c002      	RJMP _0x2020041
                 _0x2020040:
000241 37e5      	CPI  R30,LOW(0x75)
000242 f431      	BRNE _0x2020042
                 _0x2020041:
000243 e6e8      	LDI  R30,LOW(_tbl10_G101*2)
000244 e0f0      	LDI  R31,HIGH(_tbl10_G101*2)
000245 83ee      	STD  Y+6,R30
000246 83ff      	STD  Y+6+1,R31
000247 e015      	LDI  R17,LOW(5)
000248 c00c      	RJMP _0x2020043
                 _0x2020042:
000249 35e8      	CPI  R30,LOW(0x58)
00024a f411      	BRNE _0x2020045
00024b 6008      	ORI  R16,LOW(8)
00024c c003      	RJMP _0x2020046
                 _0x2020045:
00024d 37e8      	CPI  R30,LOW(0x78)
00024e f009      	BREQ PC+2
00024f c0a1      	RJMP _0x2020077
                 _0x2020046:
000250 e7e2      	LDI  R30,LOW(_tbl16_G101*2)
000251 e0f0      	LDI  R31,HIGH(_tbl16_G101*2)
000252 83ee      	STD  Y+6,R30
000253 83ff      	STD  Y+6+1,R31
000254 e014      	LDI  R17,LOW(4)
                 _0x2020043:
000255 ff02      	SBRS R16,2
000256 c014      	RJMP _0x2020048
000257 940e 0363 	CALL SUBOPT_0x4
000259 940e 0379 	CALL SUBOPT_0x7
00025b 85ab      	LDD  R26,Y+11
00025c 23aa      	TST  R26
00025d f43a      	BRPL _0x2020049
00025e 85ea      	LDD  R30,Y+10
00025f 85fb      	LDD  R31,Y+10+1
000260 940e 0396 	CALL __ANEGW1
000262 87ea      	STD  Y+10,R30
000263 87fb      	STD  Y+10+1,R31
000264 e24d      	LDI  R20,LOW(45)
                 _0x2020049:
000265 3040      	CPI  R20,0
000266 f011      	BREQ _0x202004A
000267 5f1f      	SUBI R17,-LOW(1)
000268 c001      	RJMP _0x202004B
                 _0x202004A:
000269 7f0b      	ANDI R16,LOW(251)
                 _0x202004B:
00026a c004      	RJMP _0x202004C
                 _0x2020048:
00026b 940e 0363 	CALL SUBOPT_0x4
00026d 940e 0379 	CALL SUBOPT_0x7
                 _0x202004C:
                 _0x202003C:
00026f fd00      	SBRC R16,0
000270 c011      	RJMP _0x202004D
                 _0x202004E:
000271 1715      	CP   R17,R21
000272 f478      	BRSH _0x2020050
000273 ff07      	SBRS R16,7
000274 c008      	RJMP _0x2020051
000275 ff02      	SBRS R16,2
000276 c004      	RJMP _0x2020052
000277 7f0b      	ANDI R16,LOW(251)
000278 2f24      	MOV  R18,R20
000279 5011      	SUBI R17,LOW(1)
00027a c001      	RJMP _0x2020053
                 _0x2020052:
00027b e320      	LDI  R18,LOW(48)
                 _0x2020053:
00027c c001      	RJMP _0x2020054
                 _0x2020051:
00027d e220      	LDI  R18,LOW(32)
                 _0x2020054:
00027e 940e 035c 	CALL SUBOPT_0x3
000280 5051      	SUBI R21,LOW(1)
000281 cfef      	RJMP _0x202004E
                 _0x2020050:
                 _0x202004D:
000282 2f31      	MOV  R19,R17
000283 ff01      	SBRS R16,1
000284 c017      	RJMP _0x2020055
                 _0x2020056:
000285 3030      	CPI  R19,0
000286 f0a1      	BREQ _0x2020058
000287 ff03      	SBRS R16,3
000288 c006      	RJMP _0x2020059
000289 81ee      	LDD  R30,Y+6
00028a 81ff      	LDD  R31,Y+6+1
00028b 9125      	LPM  R18,Z+
00028c 83ee      	STD  Y+6,R30
00028d 83ff      	STD  Y+6+1,R31
00028e c005      	RJMP _0x202005A
                 _0x2020059:
00028f 81ae      	LDD  R26,Y+6
000290 81bf      	LDD  R27,Y+6+1
000291 912d      	LD   R18,X+
000292 83ae      	STD  Y+6,R26
000293 83bf      	STD  Y+6+1,R27
                 _0x202005A:
000294 940e 035c 	CALL SUBOPT_0x3
000296 3050      	CPI  R21,0
000297 f009      	BREQ _0x202005B
000298 5051      	SUBI R21,LOW(1)
                 _0x202005B:
000299 5031      	SUBI R19,LOW(1)
00029a cfea      	RJMP _0x2020056
                 _0x2020058:
00029b c04b      	RJMP _0x202005C
                 _0x2020055:
                 _0x202005E:
00029c e320      	LDI  R18,LOW(48)
00029d 81ee      	LDD  R30,Y+6
00029e 81ff      	LDD  R31,Y+6+1
00029f 940e 039e 	CALL __GETW1PF
0002a1 87e8      	STD  Y+8,R30
0002a2 87f9      	STD  Y+8+1,R31
0002a3 81ee      	LDD  R30,Y+6
0002a4 81ff      	LDD  R31,Y+6+1
0002a5 9632      	ADIW R30,2
0002a6 83ee      	STD  Y+6,R30
0002a7 83ff      	STD  Y+6+1,R31
                 _0x2020060:
0002a8 85e8      	LDD  R30,Y+8
0002a9 85f9      	LDD  R31,Y+8+1
0002aa 85aa      	LDD  R26,Y+10
0002ab 85bb      	LDD  R27,Y+10+1
0002ac 17ae      	CP   R26,R30
0002ad 07bf      	CPC  R27,R31
0002ae f050      	BRLO _0x2020062
0002af 5f2f      	SUBI R18,-LOW(1)
0002b0 85a8      	LDD  R26,Y+8
0002b1 85b9      	LDD  R27,Y+8+1
0002b2 85ea      	LDD  R30,Y+10
0002b3 85fb      	LDD  R31,Y+10+1
0002b4 1bea      	SUB  R30,R26
0002b5 0bfb      	SBC  R31,R27
0002b6 87ea      	STD  Y+10,R30
0002b7 87fb      	STD  Y+10+1,R31
0002b8 cfef      	RJMP _0x2020060
                 _0x2020062:
0002b9 332a      	CPI  R18,58
0002ba f028      	BRLO _0x2020063
0002bb ff03      	SBRS R16,3
0002bc c002      	RJMP _0x2020064
0002bd 5f29      	SUBI R18,-LOW(7)
0002be c001      	RJMP _0x2020065
                 _0x2020064:
0002bf 5d29      	SUBI R18,-LOW(39)
                 _0x2020065:
                 _0x2020063:
0002c0 fd04      	SBRC R16,4
0002c1 c01a      	RJMP _0x2020067
0002c2 3321      	CPI  R18,49
0002c3 f420      	BRSH _0x2020069
0002c4 85a8      	LDD  R26,Y+8
0002c5 85b9      	LDD  R27,Y+8+1
0002c6 9711      	SBIW R26,1
0002c7 f409      	BRNE _0x2020068
                 _0x2020069:
0002c8 c009      	RJMP _0x20200D3
                 _0x2020068:
0002c9 1753      	CP   R21,R19
0002ca f010      	BRLO _0x202006D
0002cb ff00      	SBRS R16,0
0002cc c001      	RJMP _0x202006E
                 _0x202006D:
0002cd c013      	RJMP _0x202006C
                 _0x202006E:
0002ce e220      	LDI  R18,LOW(32)
0002cf ff07      	SBRS R16,7
0002d0 c00b      	RJMP _0x202006F
0002d1 e320      	LDI  R18,LOW(48)
                 _0x20200D3:
0002d2 6100      	ORI  R16,LOW(16)
0002d3 ff02      	SBRS R16,2
0002d4 c007      	RJMP _0x2020070
0002d5 7f0b      	ANDI R16,LOW(251)
0002d6 934a      	ST   -Y,R20
0002d7 940e 0369 	CALL SUBOPT_0x5
0002d9 3050      	CPI  R21,0
0002da f009      	BREQ _0x2020071
0002db 5051      	SUBI R21,LOW(1)
                 _0x2020071:
                 _0x2020070:
                 _0x202006F:
                 _0x2020067:
0002dc 940e 035c 	CALL SUBOPT_0x3
0002de 3050      	CPI  R21,0
0002df f009      	BREQ _0x2020072
0002e0 5051      	SUBI R21,LOW(1)
                 _0x2020072:
                 _0x202006C:
0002e1 5031      	SUBI R19,LOW(1)
0002e2 85a8      	LDD  R26,Y+8
0002e3 85b9      	LDD  R27,Y+8+1
0002e4 9712      	SBIW R26,2
0002e5 f008      	BRLO _0x202005F
0002e6 cfb5      	RJMP _0x202005E
                 _0x202005F:
                 _0x202005C:
0002e7 ff00      	SBRS R16,0
0002e8 c008      	RJMP _0x2020073
                 _0x2020074:
0002e9 3050      	CPI  R21,0
0002ea f031      	BREQ _0x2020076
0002eb 5051      	SUBI R21,LOW(1)
0002ec e2e0      	LDI  R30,LOW(32)
0002ed 93ea      	ST   -Y,R30
0002ee 940e 0369 	CALL SUBOPT_0x5
0002f0 cff8      	RJMP _0x2020074
                 _0x2020076:
                 _0x2020073:
                 _0x2020077:
                 _0x2020036:
                 _0x20200D2:
0002f1 e010      	LDI  R17,LOW(0)
                 _0x2020021:
0002f2 cee0      	RJMP _0x202001C
                 _0x202001E:
0002f3 85ac      	LDD  R26,Y+12
0002f4 85bd      	LDD  R27,Y+12+1
0002f5 940e 039a 	CALL __GETW1P
0002f7 940e 03ae 	CALL __LOADLOCR6
0002f9 9664      	ADIW R28,20
0002fa 9508      	RET
                 ; .FEND
                 _sprintf:
                 ; .FSTART _sprintf
0002fb 92ff      	PUSH R15
0002fc 2ef8      	MOV  R15,R24
0002fd 9726      	SBIW R28,6
0002fe 940e 03a9 	CALL __SAVELOCR4
000300 940e 0381 	CALL SUBOPT_0x8
000302 9730      	SBIW R30,0
000303 f419      	BRNE _0x2020078
000304 efef      	LDI  R30,LOW(65535)
000305 efff      	LDI  R31,HIGH(65535)
000306 c023      	RJMP _0x2080001
                 _0x2020078:
000307 01de      	MOVW R26,R28
000308 9616      	ADIW R26,6
000309 940e 0392 	CALL __ADDW2R15
00030b 018d      	MOVW R16,R26
00030c 940e 0381 	CALL SUBOPT_0x8
00030e 83ee      	STD  Y+6,R30
00030f 83ff      	STD  Y+6+1,R31
000310 e0e0      	LDI  R30,LOW(0)
000311 87e8      	STD  Y+8,R30
000312 87e9      	STD  Y+8+1,R30
000313 01de      	MOVW R26,R28
000314 961a      	ADIW R26,10
000315 940e 0392 	CALL __ADDW2R15
000317 940e 039a 	CALL __GETW1P
000319 93fa      	ST   -Y,R31
00031a 93ea      	ST   -Y,R30
00031b 931a      	ST   -Y,R17
00031c 930a      	ST   -Y,R16
00031d e8e7      	LDI  R30,LOW(_put_buff_G101)
00031e e0f1      	LDI  R31,HIGH(_put_buff_G101)
00031f 93fa      	ST   -Y,R31
000320 93ea      	ST   -Y,R30
000321 01de      	MOVW R26,R28
000322 961a      	ADIW R26,10
000323 dea3      	RCALL __print_G101
000324 019f      	MOVW R18,R30
000325 81ae      	LDD  R26,Y+6
000326 81bf      	LDD  R27,Y+6+1
000327 e0e0      	LDI  R30,LOW(0)
000328 93ec      	ST   X,R30
000329 01f9      	MOVW R30,R18
                 _0x2080001:
00032a 940e 03b0 	CALL __LOADLOCR4
00032c 962a      	ADIW R28,10
00032d 90ff      	POP  R15
00032e 9508      	RET
                 ; .FEND
                 
                 	.CSEG
                 
                 	.CSEG
                 _strlen:
                 ; .FSTART _strlen
00032f 93ba      	ST   -Y,R27
000330 93aa      	ST   -Y,R26
000331 91a9          ld   r26,y+
000332 91b9          ld   r27,y+
000333 27ee          clr  r30
000334 27ff          clr  r31
                 strlen0:
000335 916d          ld   r22,x+
000336 2366          tst  r22
000337 f011          breq strlen1
000338 9631          adiw r30,1
000339 cffb          rjmp strlen0
                 strlen1:
00033a 9508          ret
                 ; .FEND
                 _strlenf:
                 ; .FSTART _strlenf
00033b 93ba      	ST   -Y,R27
00033c 93aa      	ST   -Y,R26
00033d 27aa          clr  r26
00033e 27bb          clr  r27
00033f 91e9          ld   r30,y+
000340 91f9          ld   r31,y+
                 strlenf0:
000341 9005      	lpm  r0,z+
000342 2000          tst  r0
000343 f011          breq strlenf1
000344 9611          adiw r26,1
000345 cffb          rjmp strlenf0
                 strlenf1:
000346 01fd          movw r30,r26
000347 9508          ret
                 ; .FEND
                 
                 	.DSEG
                 __base_y_G100:
000302           	.BYTE 0x4
                 
                 	.CSEG
                 ;OPTIMIZER ADDED SUBROUTINE, CALLED 3 TIMES, CODE SIZE REDUCTION:3 WORDS
                 SUBOPT_0x0:
000348 27ff      	CLR  R31
000349 2766      	CLR  R22
00034a 2777      	CLR  R23
00034b 940e 03a2 	CALL __PUTPARD1
00034d 9508      	RET
                 
                 ;OPTIMIZER ADDED SUBROUTINE, CALLED 2 TIMES, CODE SIZE REDUCTION:1 WORDS
                 SUBOPT_0x1:
00034e 940e 010e 	CALL __lcd_write_data
000350 e0a3      	LDI  R26,LOW(3)
000351 e0b0      	LDI  R27,0
000352 940c 0388 	JMP  _delay_ms
                 
                 ;OPTIMIZER ADDED SUBROUTINE, CALLED 3 TIMES, CODE SIZE REDUCTION:7 WORDS
                 SUBOPT_0x2:
000354 e3a0      	LDI  R26,LOW(48)
000355 940e 00fa 	CALL __lcd_write_nibble_G100
                +
000357 ec88     +LDI R24 , LOW ( 200 )
000358 e090     +LDI R25 , HIGH ( 200 )
                +__DELAY_USW_LOOP :
000359 9701     +SBIW R24 , 1
00035a f7f1     +BRNE __DELAY_USW_LOOP
                 	__DELAY_USW 200
00035b 9508      	RET
                 
                 ;OPTIMIZER ADDED SUBROUTINE, CALLED 5 TIMES, CODE SIZE REDUCTION:13 WORDS
                 SUBOPT_0x3:
00035c 932a      	ST   -Y,R18
00035d 85ad      	LDD  R26,Y+13
00035e 85be      	LDD  R27,Y+13+1
00035f 85ef      	LDD  R30,Y+15
000360 89f8      	LDD  R31,Y+15+1
000361 9509      	ICALL
000362 9508      	RET
                 
                 ;OPTIMIZER ADDED SUBROUTINE, CALLED 5 TIMES, CODE SIZE REDUCTION:9 WORDS
                 SUBOPT_0x4:
000363 89e8      	LDD  R30,Y+16
000364 89f9      	LDD  R31,Y+16+1
000365 9734      	SBIW R30,4
000366 8be8      	STD  Y+16,R30
000367 8bf9      	STD  Y+16+1,R31
000368 9508      	RET
                 
                 ;OPTIMIZER ADDED SUBROUTINE, CALLED 3 TIMES, CODE SIZE REDUCTION:3 WORDS
                 SUBOPT_0x5:
000369 85ad      	LDD  R26,Y+13
00036a 85be      	LDD  R27,Y+13+1
00036b 85ef      	LDD  R30,Y+15
00036c 89f8      	LDD  R31,Y+15+1
00036d 9509      	ICALL
00036e 9508      	RET
                 
                 ;OPTIMIZER ADDED SUBROUTINE, CALLED 2 TIMES, CODE SIZE REDUCTION:4 WORDS
                 SUBOPT_0x6:
00036f 89a8      	LDD  R26,Y+16
000370 89b9      	LDD  R27,Y+16+1
000371 9614      	ADIW R26,4
000372 940e 039a 	CALL __GETW1P
000374 83ee      	STD  Y+6,R30
000375 83ff      	STD  Y+6+1,R31
000376 81ae      	LDD  R26,Y+6
000377 81bf      	LDD  R27,Y+6+1
000378 9508      	RET
                 
                 ;OPTIMIZER ADDED SUBROUTINE, CALLED 2 TIMES, CODE SIZE REDUCTION:2 WORDS
                 SUBOPT_0x7:
000379 89a8      	LDD  R26,Y+16
00037a 89b9      	LDD  R27,Y+16+1
00037b 9614      	ADIW R26,4
00037c 940e 039a 	CALL __GETW1P
00037e 87ea      	STD  Y+10,R30
00037f 87fb      	STD  Y+10+1,R31
000380 9508      	RET
                 
                 ;OPTIMIZER ADDED SUBROUTINE, CALLED 2 TIMES, CODE SIZE REDUCTION:1 WORDS
                 SUBOPT_0x8:
000381 01de      	MOVW R26,R28
000382 961c      	ADIW R26,12
000383 940e 0392 	CALL __ADDW2R15
000385 940e 039a 	CALL __GETW1P
000387 9508      	RET
                 
                 
                 	.CSEG
                 _delay_ms:
000388 9610      	adiw r26,0
000389 f039      	breq __delay_ms1
                 __delay_ms0:
                +
00038a ed80     +LDI R24 , LOW ( 0x7D0 )
00038b e097     +LDI R25 , HIGH ( 0x7D0 )
                +__DELAY_USW_LOOP :
00038c 9701     +SBIW R24 , 1
00038d f7f1     +BRNE __DELAY_USW_LOOP
                 	__DELAY_USW 0x7D0
00038e 95a8      	wdr
00038f 9711      	sbiw r26,1
000390 f7c9      	brne __delay_ms0
                 __delay_ms1:
000391 9508      	ret
                 
                 __ADDW2R15:
000392 2400      	CLR  R0
000393 0daf      	ADD  R26,R15
000394 1db0      	ADC  R27,R0
000395 9508      	RET
                 
                 __ANEGW1:
000396 95f1      	NEG  R31
000397 95e1      	NEG  R30
000398 40f0      	SBCI R31,0
000399 9508      	RET
                 
                 __GETW1P:
00039a 91ed      	LD   R30,X+
00039b 91fc      	LD   R31,X
00039c 9711      	SBIW R26,1
00039d 9508      	RET
                 
                 __GETW1PF:
00039e 9005      	LPM  R0,Z+
00039f 91f4      	LPM  R31,Z
0003a0 2de0      	MOV  R30,R0
0003a1 9508      	RET
                 
                 __PUTPARD1:
0003a2 937a      	ST   -Y,R23
0003a3 936a      	ST   -Y,R22
0003a4 93fa      	ST   -Y,R31
0003a5 93ea      	ST   -Y,R30
0003a6 9508      	RET
                 
                 __SAVELOCR6:
0003a7 935a      	ST   -Y,R21
                 __SAVELOCR5:
0003a8 934a      	ST   -Y,R20
                 __SAVELOCR4:
0003a9 933a      	ST   -Y,R19
                 __SAVELOCR3:
0003aa 932a      	ST   -Y,R18
                 __SAVELOCR2:
0003ab 931a      	ST   -Y,R17
0003ac 930a      	ST   -Y,R16
0003ad 9508      	RET
                 
                 __LOADLOCR6:
0003ae 815d      	LDD  R21,Y+5
                 __LOADLOCR5:
0003af 814c      	LDD  R20,Y+4
                 __LOADLOCR4:
0003b0 813b      	LDD  R19,Y+3
                 __LOADLOCR3:
0003b1 812a      	LDD  R18,Y+2
                 __LOADLOCR2:
0003b2 8119      	LDD  R17,Y+1
0003b3 8108      	LD   R16,Y
0003b4 9508      	RET
                 
                 ;END OF CODE MARKER
                 __END_OF_CODE:


RESOURCE USE INFORMATION
------------------------

Notice:
The register and instruction counts are symbol table hit counts,
and hence implicitly used resources are not counted, eg, the
'lpm' instruction without operands implicitly uses r0 and z,
none of which are counted.

x,y,z are separate entities in the symbol table and are
counted separately from r26..r31 here.

.dseg memory usage only counts static data declared with .byte

ATmega328P register use summary:
r0 :  11 r1 :   1 r2 :   0 r3 :   4 r4 :   4 r5 :   4 r6 :   4 r7 :   2 
r8 :   4 r9 :   0 r10:   0 r11:   0 r12:   0 r13:   0 r14:   0 r15:   4 
r16:  34 r17:  28 r18:  29 r19:   8 r20:   9 r21:  17 r22:   6 r23:   2 
r24:  23 r25:   5 r26: 107 r27:  39 r28:  18 r29:   1 r30: 192 r31:  61 
x  :  23 y  : 172 z  :  15 
Registers used: 28 out of 35 (80.0%)

ATmega328P instruction use summary:
.lds  :   0 .lds.l:   0 .sts  :   0 .sts.l:   0 adc   :   1 add   :   3 
adiw  :  24 and   :   0 andi  :   6 asr   :   0 bclr  :   0 bld   :   0 
brbc  :   0 brbs  :   0 brcc  :   0 brcs  :   0 break :   0 breq  :  18 
brge  :   0 brhc  :   0 brhs  :   0 brid  :   0 brie  :   0 brlo  :   8 
brlt  :   0 brmi  :   1 brne  :  36 brpl  :   1 brsh  :   2 brtc  :   0 
brts  :   0 brvc  :   0 brvs  :   0 bset  :   0 bst   :   0 call  :  52 
cbi   :   5 cbr   :   0 clc   :   0 clh   :   0 cli   :   1 cln   :   0 
clr   :  13 cls   :   0 clt   :   0 clv   :   0 clz   :   0 com   :   0 
cp    :   7 cpc   :   5 cpi   :  37 cpse  :   0 dec   :   5 des   :   0 
eor   :   0 fmul  :   0 fmuls :   0 fmulsu:   0 icall :   2 ijmp  :   0 
in    :   3 inc   :   5 jmp   :  28 ld    :  27 ldd   :  77 ldi   : 107 
lds   :   0 lpm   :  14 lsl   :   0 lsr   :   0 mov   :  21 movw  :  16 
mul   :   1 muls  :   0 mulsu :   0 neg   :   2 nop   :   0 or    :   1 
ori   :   7 out   :  15 pop   :   1 push  :   1 rcall :  19 ret   :  25 
reti  :   1 rjmp  :  61 rol   :   0 ror   :   0 sbc   :   1 sbci  :   2 
sbi   :   5 sbic  :   0 sbis  :   0 sbiw  :  21 sbr   :   0 sbrc  :   2 
sbrs  :  10 sec   :   0 seh   :   0 sei   :   1 sen   :   0 ser   :   0 
ses   :   0 set   :   0 sev   :   0 sez   :   0 sleep :   0 spm   :   0 
st    :  63 std   :  31 sts   :  11 sub   :   1 subi  :  16 swap  :   1 
tst   :   4 wdr   :   1 
Instructions used: 54 out of 116 (46.6%)

ATmega328P memory use summary [bytes]:
Segment   Begin    End      Code   Data   Used    Size   Use%
---------------------------------------------------------------
[.cseg] 0x000000 0x00076a   1836     62   1898   32768   5.8%
[.dseg] 0x000100 0x000306      0      6      6    2048   0.3%
[.eseg] 0x000000 0x000000      0      0      0    1024   0.0%

Assembly complete, 0 errors, 7 warnings
